<?xml version="1.0" encoding="UTF-8"?>
<!-- Generated by org.testng.reporters.JUnitReportReporter -->
<testsuite skipped="0" hostname="DESKTOP-U63PT7Q" name="RunnerClasses.JiraRunner_1" tests="5" failures="0" timestamp="2023-06-11T17:28:42 IST" time="31.310" errors="1">
  <testcase name="runScenario" time="25.952" classname="RunnerClasses.JiraRunner_1"/>
  <system-out>
    <![CDATA[latest Key: MYJ-50]]>
  </system-out>
  <testcase name="runScenario" time="1.364" classname="RunnerClasses.JiraRunner_1"/>
  <system-out/>
  <testcase name="runScenario" time="1.423" classname="RunnerClasses.JiraRunner_1">
    <error type="java.lang.IllegalArgumentException" message="Schema to use cannot be null">
      <![CDATA[java.lang.IllegalArgumentException: Schema to use cannot be null
at io.restassured.module.jsv.JsonSchemaValidator.validateSchemaIsNotNull(JsonSchemaValidator.java:270)
at io.restassured.module.jsv.JsonSchemaValidator.access$300(JsonSchemaValidator.java:75)
at io.restassured.module.jsv.JsonSchemaValidator$JsonSchemaValidatorFactory.create(JsonSchemaValidator.java:281)
at io.restassured.module.jsv.JsonSchemaValidator.matchesJsonSchema(JsonSchemaValidator.java:166)
at io.restassured.module.jsv.JsonSchemaValidator.matchesJsonSchemaInClasspath(JsonSchemaValidator.java:117)
at StepDefTests.CreateIssueSchemaValidation.givenMethod(CreateIssueSchemaValidation.java:23)
at ✽.User calls the create user scheme validation(file:///C:/Users/HP/eclipse-workspace/Org.JiraApiProject_com/src/test/resources/Features/File.feature:26)
]]>
    </error>
  </testcase> <!-- runScenario -->
  <system-out/>
  <testcase name="runScenario" time="1.173" classname="RunnerClasses.JiraRunner_1"/>
  <system-out/>
  <testcase name="runScenario" time="1.398" classname="RunnerClasses.JiraRunner_1"/>
  <system-out/>
</testsuite> <!-- RunnerClasses.JiraRunner_1 -->
